[0m
[0m [0m [0m [0m [0m [0m [0m [0m [0m [0m [0m [0m [0m [0m [0m [0m [0m [0m [0m [0m [0m [0m [0m [0m [0m [0m [0m [0m [0m [0m [0m [0m [0m [0m [0m [0m [0m [0m [0m [0m [0m [0m [0m [0m [0m [0m [0m [0m [0m [0m [0m [0m [0m [0m [0m [0m [0m [0m [0m [48;5;255m [48;5;255m [0m [0m [0m [0m [0m [0m [0m [0m [0m [0m [0m [0m
[0m [0m [0m [0m [0m [0m [0m [0m [0m [0m [0m [0m [0m [0m [0m [0m [0m [0m [0m [0m [0m [0m [0m [0m [0m [0m [0m [0m [0m [0m [0m [0m [0m [0m [0m [0m [0m [0m [0m [0m [0m [0m [0m [0m [0m [0m [0m [0m [0m [0m [0m [0m [0m [0m [0m [0m [0m [0m [0m [48;5;255m [48;5;255m [0m [0m [0m [0m [0m [0m [0m [0m [0m [0m [0m [0m
[0m [0m [0m [0m [0m [0m [0m [0m [0m [0m [0m [0m [0m [0m [0m [0m [0m [0m [0m [0m [0m [0m [0m [0m [0m [0m [0m [0m [0m [0m [0m [0m [0m [0m [0m [0m [0m [0m [0m [0m [0m [0m [0m [0m [0m [0m [0m [0m [0m [0m [0m [0m [0m [0m [0m [0m [0m [0m [0m [48;5;255m [48;5;255m [0m [0m [0m [0m [0m [0m [0m [0m [0m [0m [0m [0m
[48;5;255m [48;5;255m [48;5;255m [48;5;255m [48;5;255m [48;5;255m [48;5;255m [0m [0m [48;5;255m [48;5;255m [48;5;255m [48;5;255m [48;5;255m [48;5;255m [48;5;255m [48;5;255m [0m [0m [48;5;255m [48;5;255m [48;5;255m [48;5;255m [48;5;255m [48;5;255m [48;5;255m [48;5;255m [48;5;255m [48;5;255m [48;5;255m [48;5;255m [0m [0m [48;5;255m [48;5;255m [48;5;255m [48;5;255m [48;5;255m [48;5;255m [48;5;255m [48;5;255m [0m [0m [48;5;255m [48;5;255m [48;5;255m [48;5;255m [48;5;255m [48;5;255m [48;5;255m [48;5;255m [0m [0m [48;5;255m [48;5;255m [48;5;255m [48;5;255m [48;5;255m [48;5;255m [48;5;255m [48;5;255m [0m [0m [48;5;255m [48;5;255m [48;5;255m [48;5;255m [48;5;255m [48;5;255m [48;5;255m [48;5;255m [0m [0m [48;5;255m [48;5;255m [48;5;255m [48;5;255m [48;5;255m [48;5;255m [48;5;255m [48;5;255m [0m
[48;5;255m [48;5;255m [0m [0m [0m [0m [0m [0m [0m [48;5;255m [48;5;255m [0m [0m [0m [0m [48;5;255m [48;5;255m [0m [0m [48;5;255m [48;5;255m [0m [0m [0m [48;5;255m [48;5;255m [0m [0m [0m [48;5;255m [48;5;255m [0m [0m [48;5;255m [48;5;255m [0m [0m [0m [0m [48;5;255m [48;5;255m [0m [0m [48;5;255m [48;5;255m [0m [0m [0m [0m [48;5;255m [48;5;255m [0m [0m [48;5;255m [48;5;255m [0m [0m [0m [0m [48;5;255m [48;5;255m [0m [0m [48;5;255m [48;5;255m [0m [0m [0m [0m [48;5;255m [48;5;255m [0m [0m [48;5;255m [48;5;255m [0m
[48;5;255m [48;5;255m [0m [0m [0m [0m [0m [0m [0m [48;5;255m [48;5;255m [0m [0m [0m [0m [48;5;255m [48;5;255m [0m [0m [48;5;255m [48;5;255m [0m [0m [0m [48;5;255m [48;5;255m [0m [0m [0m [48;5;255m [48;5;255m [0m [0m [48;5;255m [48;5;255m [0m [0m [0m [0m [48;5;255m [48;5;255m [0m [0m [48;5;255m [48;5;255m [0m [0m [0m [0m [48;5;255m [48;5;255m [0m [0m [48;5;255m [48;5;255m [0m [0m [0m [0m [48;5;255m [48;5;255m [0m [0m [48;5;255m [48;5;255m [0m [0m [0m [0m [48;5;255m [48;5;255m [0m [0m [48;5;255m [48;5;255m [0m
[48;5;255m [48;5;255m [0m [0m [0m [0m [0m [0m [0m [48;5;255m [48;5;255m [0m [0m [0m [0m [48;5;255m [48;5;255m [0m [0m [48;5;255m [48;5;255m [0m [0m [0m [48;5;255m [48;5;255m [0m [0m [0m [48;5;255m [48;5;255m [0m [0m [48;5;255m [48;5;255m [0m [0m [0m [0m [48;5;255m [48;5;255m [0m [0m [48;5;255m [48;5;255m [0m [0m [0m [0m [48;5;255m [48;5;255m [0m [0m [48;5;255m [48;5;255m [0m [0m [0m [0m [48;5;255m [48;5;255m [0m [0m [48;5;255m [48;5;255m [0m [0m [0m [0m [48;5;255m [48;5;255m [0m [0m [48;5;255m [48;5;255m [0m
[48;5;255m [48;5;255m [48;5;255m [48;5;255m [48;5;255m [48;5;255m [48;5;255m [0m [0m [48;5;255m [48;5;255m [48;5;255m [48;5;255m [48;5;255m [48;5;255m [48;5;255m [48;5;255m [0m [0m [48;5;255m [48;5;255m [0m [0m [0m [48;5;255m [48;5;255m [0m [0m [0m [48;5;255m [48;5;255m [0m [0m [48;5;255m [48;5;255m [48;5;255m [48;5;255m [48;5;255m [48;5;255m [48;5;255m [48;5;255m [0m [0m [48;5;255m [48;5;255m [48;5;255m [48;5;255m [48;5;255m [48;5;255m [48;5;255m [48;5;255m [0m [0m [48;5;255m [48;5;255m [48;5;255m [48;5;255m [48;5;255m [48;5;255m [48;5;255m [48;5;255m [0m [0m [48;5;255m [48;5;255m [48;5;255m [48;5;255m [48;5;255m [48;5;255m [48;5;255m [48;5;255m [0m [0m [48;5;255m [48;5;255m [48;5;255m [48;5;255m [48;5;255m [48;5;255m [48;5;255m [48;5;255m [0m
[0m [0m [0m [0m [0m [0m [0m [0m [0m [0m [0m [0m [0m [0m [0m [0m [0m [0m [0m [0m [0m [0m [0m [0m [0m [0m [0m [0m [0m [0m [0m [0m [0m [48;5;255m [48;5;255m [0m [0m [0m [0m [0m [0m [0m [0m [0m [0m [0m [0m
[0m [0m [0m [0m [0m [0m [0m [0m [0m [0m [0m [0m [0m [0m [0m [0m [0m [0m [0m [0m [0m [0m [0m [0m [0m [0m [0m [0m [0m [0m [0m [0m [0m [48;5;255m [48;5;255m [0m [0m [0m [0m [0m [0m [0m [0m [0m [0m [0m [0m
[0m [0m [0m [0m [0m [0m [0m [0m [0m [0m [0m [0m [0m [0m [0m [0m [0m [0m [0m [0m [0m [0m [0m [0m [0m [0m [0m [0m [0m [0m [0m [0m [0m [48;5;255m [48;5;255m [0m [0m [0m [0m [0m [0m [0m [0m [0m [0m [0m [0m

1.1.11

TypeScript version used by Compodoc : 2.9.1

TypeScript version of current project : 4.2.3

Node.js version : v16.3.0

Operating system : Linux 5.8

[17:07:22] No configuration file found, switching to CLI flags.
[17:07:22] Using tsconfig file : /home/thiago/Documentos/Frameworks Frontend/atividade_unidade01/VotingCardProject/voting-card/tsconfig.json
[17:07:22] Including      : /home/thiago/Documentos/Frameworks Frontend/atividade_unidade01/VotingCardProject/voting-card/.browserslistrc
[17:07:22] Including      : /home/thiago/Documentos/Frameworks Frontend/atividade_unidade01/VotingCardProject/voting-card/.editorconfig
[17:07:22] Including      : /home/thiago/Documentos/Frameworks Frontend/atividade_unidade01/VotingCardProject/voting-card/.gitignore
[17:07:22] Including      : /home/thiago/Documentos/Frameworks Frontend/atividade_unidade01/VotingCardProject/voting-card/README.md
[17:07:22] Including      : /home/thiago/Documentos/Frameworks Frontend/atividade_unidade01/VotingCardProject/voting-card/build-storybook.log
[17:07:22] Including      : /home/thiago/Documentos/Frameworks Frontend/atividade_unidade01/VotingCardProject/voting-card/angular.json
[17:07:22] Including      : /home/thiago/Documentos/Frameworks Frontend/atividade_unidade01/VotingCardProject/voting-card/documentation.json
[17:07:22] Including      : /home/thiago/Documentos/Frameworks Frontend/atividade_unidade01/VotingCardProject/voting-card/karma.conf.js
[17:07:22] Including      : /home/thiago/Documentos/Frameworks Frontend/atividade_unidade01/VotingCardProject/voting-card/package-lock.json
[17:07:22] Including      : /home/thiago/Documentos/Frameworks Frontend/atividade_unidade01/VotingCardProject/voting-card/package.json
[17:07:22] Including      : /home/thiago/Documentos/Frameworks Frontend/atividade_unidade01/VotingCardProject/voting-card/tsconfig.app.json
[17:07:22] Including      : /home/thiago/Documentos/Frameworks Frontend/atividade_unidade01/VotingCardProject/voting-card/tsconfig.spec.json
[17:07:22] Including      : /home/thiago/Documentos/Frameworks Frontend/atividade_unidade01/VotingCardProject/voting-card/tsconfig.json
[17:07:22] Including      : /home/thiago/Documentos/Frameworks Frontend/atividade_unidade01/VotingCardProject/voting-card/.storybook/main.js
[17:07:22] Including      : /home/thiago/Documentos/Frameworks Frontend/atividade_unidade01/VotingCardProject/voting-card/.storybook/tsconfig.json
[17:07:22] Including      : /home/thiago/Documentos/Frameworks Frontend/atividade_unidade01/VotingCardProject/voting-card/.storybook/preview.js
[17:07:22] Ignoring       : /home/thiago/Documentos/Frameworks Frontend/atividade_unidade01/VotingCardProject/voting-card/.storybook/typings.d.ts
[17:07:22] Including      : /home/thiago/Documentos/Frameworks Frontend/atividade_unidade01/VotingCardProject/voting-card/src/favicon.ico
[17:07:22] Including      : /home/thiago/Documentos/Frameworks Frontend/atividade_unidade01/VotingCardProject/voting-card/src/index.html
[17:07:22] Including      : /home/thiago/Documentos/Frameworks Frontend/atividade_unidade01/VotingCardProject/voting-card/src/main.ts
[17:07:22] Including      : /home/thiago/Documentos/Frameworks Frontend/atividade_unidade01/VotingCardProject/voting-card/src/polyfills.ts
[17:07:22] Including      : /home/thiago/Documentos/Frameworks Frontend/atividade_unidade01/VotingCardProject/voting-card/src/styles.css
[17:07:22] Including      : /home/thiago/Documentos/Frameworks Frontend/atividade_unidade01/VotingCardProject/voting-card/src/test.ts
[17:07:22] Including      : /home/thiago/Documentos/Frameworks Frontend/atividade_unidade01/VotingCardProject/voting-card/src/app/app.component.css
[17:07:22] Including      : /home/thiago/Documentos/Frameworks Frontend/atividade_unidade01/VotingCardProject/voting-card/src/app/app.component.html
[17:07:22] Ignoring       : /home/thiago/Documentos/Frameworks Frontend/atividade_unidade01/VotingCardProject/voting-card/src/app/app.component.spec.ts
[17:07:22] Including      : /home/thiago/Documentos/Frameworks Frontend/atividade_unidade01/VotingCardProject/voting-card/src/app/app.component.ts
[17:07:22] Including      : /home/thiago/Documentos/Frameworks Frontend/atividade_unidade01/VotingCardProject/voting-card/src/app/app.module.ts
[17:07:22] Including      : /home/thiago/Documentos/Frameworks Frontend/atividade_unidade01/VotingCardProject/voting-card/src/assets/.gitkeep
[17:07:22] Including      : /home/thiago/Documentos/Frameworks Frontend/atividade_unidade01/VotingCardProject/voting-card/src/environments/environment.prod.ts
[17:07:22] Including      : /home/thiago/Documentos/Frameworks Frontend/atividade_unidade01/VotingCardProject/voting-card/src/components/voting-booth.component.ts
[17:07:22] Including      : /home/thiago/Documentos/Frameworks Frontend/atividade_unidade01/VotingCardProject/voting-card/src/environments/environment.ts
[17:07:22] Including      : /home/thiago/Documentos/Frameworks Frontend/atividade_unidade01/VotingCardProject/voting-card/src/components/voting-card.component.ts
[17:07:22] Including      : /home/thiago/Documentos/Frameworks Frontend/atividade_unidade01/VotingCardProject/voting-card/src/components/voting-result.component.ts
[17:07:22] Including      : /home/thiago/Documentos/Frameworks Frontend/atividade_unidade01/VotingCardProject/voting-card/src/stories/voting-booth.stories.ts
[17:07:22] Including      : /home/thiago/Documentos/Frameworks Frontend/atividade_unidade01/VotingCardProject/voting-card/src/stories/voting-card.stories.ts
[17:07:22] Including      : /home/thiago/Documentos/Frameworks Frontend/atividade_unidade01/VotingCardProject/voting-card/src/stories/voting-result.stories.ts
[17:07:22] Including      : /home/thiago/Documentos/Frameworks Frontend/atividade_unidade01/VotingCardProject/voting-card/src/stories/assets/code-brackets.svg
[17:07:22] Including      : /home/thiago/Documentos/Frameworks Frontend/atividade_unidade01/VotingCardProject/voting-card/src/stories/assets/colors.svg
[17:07:22] Including      : /home/thiago/Documentos/Frameworks Frontend/atividade_unidade01/VotingCardProject/voting-card/src/stories/assets/comments.svg
[17:07:22] Including      : /home/thiago/Documentos/Frameworks Frontend/atividade_unidade01/VotingCardProject/voting-card/src/stories/assets/direction.svg
[17:07:22] Including      : /home/thiago/Documentos/Frameworks Frontend/atividade_unidade01/VotingCardProject/voting-card/src/stories/assets/flow.svg
[17:07:22] Including      : /home/thiago/Documentos/Frameworks Frontend/atividade_unidade01/VotingCardProject/voting-card/src/stories/assets/plugin.svg
[17:07:22] Including      : /home/thiago/Documentos/Frameworks Frontend/atividade_unidade01/VotingCardProject/voting-card/src/stories/assets/repo.svg
[17:07:22] Including      : /home/thiago/Documentos/Frameworks Frontend/atividade_unidade01/VotingCardProject/voting-card/src/stories/assets/stackalt.svg
[17:07:22] Searching package.json file
[17:07:22] package.json file found
[17:07:22] Processing package.json dependencies
[17:07:22] Searching README.md, CHANGELOG.md, CONTRIBUTING.md, LICENSE.md, TODO.md files
[17:07:22] README.md file found
[17:07:22] Error during /home/thiago/Documentos/Frameworks Frontend/atividade_unidade01/VotingCardProject/voting-card/CHANGELOG read
[17:07:22] Continuing without CHANGELOG.md file
[17:07:22] Error during /home/thiago/Documentos/Frameworks Frontend/atividade_unidade01/VotingCardProject/voting-card/CONTRIBUTING read
[17:07:22] Continuing without CONTRIBUTING.md file
[17:07:22] Error during /home/thiago/Documentos/Frameworks Frontend/atividade_unidade01/VotingCardProject/voting-card/LICENSE read
[17:07:22] Continuing without LICENSE.md file
[17:07:22] Error during /home/thiago/Documentos/Frameworks Frontend/atividade_unidade01/VotingCardProject/voting-card/TODO read
[17:07:22] Continuing without TODO.md file
[17:07:22] Get dependencies data
[17:07:22] parsing        : /home/thiago/Documentos/Frameworks Frontend/atividade_unidade01/VotingCardProject/voting-card/src/main.ts
[17:07:22] parsing        : /home/thiago/Documentos/Frameworks Frontend/atividade_unidade01/VotingCardProject/voting-card/src/polyfills.ts
[17:07:22] parsing        : /home/thiago/Documentos/Frameworks Frontend/atividade_unidade01/VotingCardProject/voting-card/src/test.ts
[17:07:22] parsing        : /home/thiago/Documentos/Frameworks Frontend/atividade_unidade01/VotingCardProject/voting-card/src/app/app.component.ts
[17:07:22] found          : AppComponent
[17:07:22] parsing        : /home/thiago/Documentos/Frameworks Frontend/atividade_unidade01/VotingCardProject/voting-card/src/app/app.module.ts
[17:07:22] found          : AppModule
[17:07:22]                : - imports:
[17:07:22]                : 	- BrowserModule
[17:07:22]                : - declarations:
[17:07:22]                : 	- AppComponent
[17:07:22]                : 	- VotingCardComponent
[17:07:22]                : 	- VotingBoothComponent
[17:07:22]                : 	- VotingResultComponent
[17:07:22]                : - bootstrap:
[17:07:22]                : 	- AppComponent
[17:07:22] parsing        : /home/thiago/Documentos/Frameworks Frontend/atividade_unidade01/VotingCardProject/voting-card/src/environments/environment.prod.ts
[17:07:22] parsing        : /home/thiago/Documentos/Frameworks Frontend/atividade_unidade01/VotingCardProject/voting-card/src/components/voting-booth.component.ts
[17:07:22] found          : VotingBoothComponent
[17:07:22] parsing        : /home/thiago/Documentos/Frameworks Frontend/atividade_unidade01/VotingCardProject/voting-card/src/environments/environment.ts
[17:07:22] parsing        : /home/thiago/Documentos/Frameworks Frontend/atividade_unidade01/VotingCardProject/voting-card/src/components/voting-card.component.ts
[17:07:22] found          : VotingCardComponent
[17:07:22] parsing        : /home/thiago/Documentos/Frameworks Frontend/atividade_unidade01/VotingCardProject/voting-card/src/components/voting-result.component.ts
[17:07:22] found          : VotingResultComponent
[17:07:22] parsing        : /home/thiago/Documentos/Frameworks Frontend/atividade_unidade01/VotingCardProject/voting-card/src/stories/voting-booth.stories.ts
[17:07:22] parsing        : /home/thiago/Documentos/Frameworks Frontend/atividade_unidade01/VotingCardProject/voting-card/src/stories/voting-card.stories.ts
[17:07:22] parsing        : /home/thiago/Documentos/Frameworks Frontend/atividade_unidade01/VotingCardProject/voting-card/src/stories/voting-result.stories.ts
[17:07:22] -------------------
[17:07:22] Project statistics 
[17:07:22] - files      : 43
[17:07:22] - module     : 1
[17:07:22] - component  : 4
[17:07:22] -------------------
[17:07:22] Prepare components
[17:07:22]  VotingBoothComponent has styles, include them
[17:07:22]  VotingCardComponent has styles, include them
[17:07:22] Prepare modules
[17:07:22] Prepare miscellaneous
[17:07:22] Process documentation coverage report
[17:07:22] Generating documentation in export format json
[17:07:23] Documentation generated in ./ in 0.329 seconds
info @storybook/angular v6.3.2
info 
info => Cleaning outputDir: /tmp/chromatic--20110-UEvN4lYcGPY2
info => Loading presets
(node:20187) [DEP0148] DeprecationWarning: Use of deprecated folder mapping "./" in the "exports" field module resolution of the package at /home/thiago/Documentos/Frameworks Frontend/atividade_unidade01/VotingCardProject/voting-card/node_modules/tslib/package.json.
Update this package.json to use a subpath pattern like "./*".
(Use `node --trace-deprecation ...` to show where the warning was created)
info => Compiling preview..
info => Loading 1 config file in "/home/thiago/Documentos/Frameworks Frontend/atividade_unidade01/VotingCardProject/voting-card/.storybook"
info => Loading 9 other files in "/home/thiago/Documentos/Frameworks Frontend/atividade_unidade01/VotingCardProject/voting-card/.storybook"
info => Adding stories defined in "/home/thiago/Documentos/Frameworks Frontend/atividade_unidade01/VotingCardProject/voting-card/.storybook/main.js"
info => Found custom tsconfig.json
Compiling @angular/animations : fesm2015 as esm2015
Compiling @angular/core : fesm2015 as esm2015
Compiling @angular/animations/browser : fesm2015 as esm2015
Compiling @angular/animations/browser/testing : fesm2015 as esm2015
Compiling @angular/common : fesm2015 as esm2015
Compiling @angular/common/http : fesm2015 as esm2015
Compiling @angular/common/http/testing : fesm2015 as esm2015
Compiling @angular/elements : fesm2015 as esm2015
Compiling @angular/forms : fesm2015 as esm2015
Compiling @angular/platform-browser : fesm2015 as esm2015
Compiling @angular/platform-browser/animations : fesm2015 as esm2015
Compiling @angular/core/testing : fesm2015 as esm2015
Compiling @angular/platform-browser-dynamic : fesm2015 as esm2015
Compiling @angular/platform-browser/testing : fesm2015 as esm2015
Compiling @angular/compiler/testing : fesm2015 as esm2015
Compiling @angular/platform-browser-dynamic/testing : fesm2015 as esm2015
Compiling @angular/common/testing : fesm2015 as esm2015
Compiling @angular/router : fesm2015 as esm2015
Compiling @angular/router/testing : fesm2015 as esm2015
info => Using implicit CSS loaders
info => Loading angular-cli config
info => Using angular project "voting-card:build" for configuring Storybook
info => Using angular-cli webpack config
info => Using default Webpack5 setup
<s> [webpack.Progress] 0% 

<s> [webpack.Progress] 1% setup initialize
<s> [webpack.Progress] 1% setup initialize HtmlWebpackPlugin
<s> [webpack.Progress] 1% setup initialize
<s> [webpack.Progress] 2% setup before run
<s> [webpack.Progress] 2% setup before run NodeEnvironmentPlugin
<s> [webpack.Progress] 2% setup before run
<s> [webpack.Progress] 3% setup run
<s> [webpack.Progress] 3% setup run fork-ts-checker-webpack-plugin
<s> [webpack.Progress] 3% setup run
<s> [webpack.Progress] 4% setup normal module factory
<s> [webpack.Progress] 4% setup normal module factory CaseSensitivePathsPlugin
<s> [webpack.Progress] 4% setup normal module factory
<s> [webpack.Progress] 5% setup context module factory
<s> [webpack.Progress] 5% setup context module factory ContextReplacementPlugin
<s> [webpack.Progress] 5% setup context module factory ContextReplacementPlugin
<s> [webpack.Progress] 5% setup context module factory
<s> [webpack.Progress] 6% setup before compile
<s> [webpack.Progress] 6% setup before compile ProgressPlugin
<s> [webpack.Progress] 6% setup before compile
<s> [webpack.Progress] 7% setup compile
<s> [webpack.Progress] 7% setup compile fork-ts-checker-webpack-plugin
Starting type checking service...
<s> [webpack.Progress] 7% setup compile ExternalsPlugin
<s> [webpack.Progress] 7% setup compile
<s> [webpack.Progress] 8% setup compilation
<s> [webpack.Progress] 8% setup compilation CopyPlugin
<s> [webpack.Progress] 8% setup compilation ArrayPushCallbackChunkFormatPlugin
<s> [webpack.Progress] 8% setup compilation JsonpChunkLoadingPlugin
<s> [webpack.Progress] 8% setup compilation StartupChunkDependenciesPlugin
<s> [webpack.Progress] 8% setup compilation ImportScriptsChunkLoadingPlugin
<s> [webpack.Progress] 8% setup compilation FetchCompileWasmPlugin
<s> [webpack.Progress] 8% setup compilation FetchCompileAsyncWasmPlugin
<s> [webpack.Progress] 8% setup compilation WorkerPlugin
<s> [webpack.Progress] 8% setup compilation SplitChunksPlugin
<s> [webpack.Progress] 8% setup compilation RuntimeChunkPlugin
<s> [webpack.Progress] 8% setup compilation ResolverCachePlugin
<s> [webpack.Progress] 8% setup compilation HtmlWebpackPlugin
<s> [webpack.Progress] 8% setup compilation
<s> [webpack.Progress] 9% setup compilation
<s> [webpack.Progress] 9% setup compilation AnyComponentStyleBudgetChecker
<s> [webpack.Progress] 9% setup compilation DedupeModuleResolvePlugin
<s> [webpack.Progress] 9% setup compilation DefinePlugin
<s> [webpack.Progress] 9% setup compilation ProgressPlugin
<s> [webpack.Progress] 9% setup compilation ChunkPrefetchPreloadPlugin
<s> [webpack.Progress] 9% setup compilation SourceMapDevToolPlugin
<s> [webpack.Progress] 9% setup compilation JavascriptModulesPlugin
<s> [webpack.Progress] 9% setup compilation JsonModulesPlugin
<s> [webpack.Progress] 9% setup compilation AssetModulesPlugin
<s> [webpack.Progress] 9% setup compilation EntryPlugin
<s> [webpack.Progress] 9% setup compilation EntryPlugin
<s> [webpack.Progress] 9% setup compilation EntryPlugin
<s> [webpack.Progress] 9% setup compilation EntryPlugin
<s> [webpack.Progress] 9% setup compilation EntryPlugin
<s> [webpack.Progress] 9% setup compilation EntryPlugin
<s> [webpack.Progress] 9% setup compilation EntryPlugin
<s> [webpack.Progress] 9% setup compilation EntryPlugin
<s> [webpack.Progress] 9% setup compilation EntryPlugin
<s> [webpack.Progress] 9% setup compilation EntryPlugin
<s> [webpack.Progress] 9% setup compilation EntryPlugin
<s> [webpack.Progress] 9% setup compilation EntryPlugin
<s> [webpack.Progress] 9% setup compilation EntryPlugin
<s> [webpack.Progress] 9% setup compilation EntryPlugin
<s> [webpack.Progress] 9% setup compilation EntryPlugin
<s> [webpack.Progress] 9% setup compilation RuntimePlugin
<s> [webpack.Progress] 9% setup compilation InferAsyncModulesPlugin
<s> [webpack.Progress] 9% setup compilation DataUriPlugin
<s> [webpack.Progress] 9% setup compilation FileUriPlugin
<s> [webpack.Progress] 9% setup compilation CompatibilityPlugin
<s> [webpack.Progress] 9% setup compilation HarmonyModulesPlugin
<s> [webpack.Progress] 9% setup compilation AMDPlugin
<s> [webpack.Progress] 9% setup compilation RequireJsStuffPlugin
<s> [webpack.Progress] 9% setup compilation CommonJsPlugin
<s> [webpack.Progress] 9% setup compilation LoaderPlugin
<s> [webpack.Progress] 9% setup compilation LoaderPlugin
<s> [webpack.Progress] 9% setup compilation NodeStuffPlugin
<s> [webpack.Progress] 9% setup compilation APIPlugin
<s> [webpack.Progress] 9% setup compilation ExportsInfoApiPlugin
<s> [webpack.Progress] 9% setup compilation WebpackIsIncludedPlugin
<s> [webpack.Progress] 9% setup compilation ConstPlugin
<s> [webpack.Progress] 9% setup compilation UseStrictPlugin
<s> [webpack.Progress] 9% setup compilation RequireIncludePlugin
<s> [webpack.Progress] 9% setup compilation RequireEnsurePlugin
<s> [webpack.Progress] 9% setup compilation RequireContextPlugin
<s> [webpack.Progress] 9% setup compilation ImportPlugin
<s> [webpack.Progress] 9% setup compilation SystemPlugin
<s> [webpack.Progress] 9% setup compilation ImportMetaPlugin
<s> [webpack.Progress] 9% setup compilation URLPlugin
<s> [webpack.Progress] 9% setup compilation DefaultStatsFactoryPlugin
<s> [webpack.Progress] 9% setup compilation DefaultStatsPresetPlugin
<s> [webpack.Progress] 9% setup compilation DefaultStatsPrinterPlugin
<s> [webpack.Progress] 9% setup compilation JavascriptMetaInfoPlugin
<s> [webpack.Progress] 9% setup compilation EnsureChunkConditionsPlugin
<s> [webpack.Progress] 9% setup compilation RemoveEmptyChunksPlugin
<s> [webpack.Progress] 9% setup compilation MergeDuplicateChunksPlugin
<s> [webpack.Progress] 9% setup compilation FlagIncludedChunksPlugin
<s> [webpack.Progress] 9% setup compilation SideEffectsFlagPlugin
<s> [webpack.Progress] 9% setup compilation FlagDependencyExportsPlugin
<s> [webpack.Progress] 9% setup compilation FlagDependencyUsagePlugin
<s> [webpack.Progress] 9% setup compilation InnerGraphPlugin
<s> [webpack.Progress] 9% setup compilation MangleExportsPlugin
<s> [webpack.Progress] 9% setup compilation ModuleConcatenationPlugin
<s> [webpack.Progress] 9% setup compilation NoEmitOnErrorsPlugin
<s> [webpack.Progress] 9% setup compilation RealContentHashPlugin
<s> [webpack.Progress] 9% setup compilation WasmFinalizeExportsPlugin
<s> [webpack.Progress] 9% setup compilation DeterministicModuleIdsPlugin
<s> [webpack.Progress] 9% setup compilation DeterministicChunkIdsPlugin
<s> [webpack.Progress] 9% setup compilation DefinePlugin
<s> [webpack.Progress] 9% setup compilation TerserPlugin
<s> [webpack.Progress] 9% setup compilation TemplatedPathPlugin
<s> [webpack.Progress] 9% setup compilation RecordIdsPlugin
<s> [webpack.Progress] 9% setup compilation WarnCaseSensitiveModulesPlugin
<s> [webpack.Progress] 9% setup compilation IgnoreWarningsPlugin
<s> [webpack.Progress] 9% setup compilation
<s> [webpack.Progress] 10% building
<s> [webpack.Progress] 10% building 0/1 entries 0/0 dependencies 0/0 modules
<s> [webpack.Progress] 10% building import loader ./node_modules/babel-loader/lib/index.js
<s> [webpack.Progress] 10% building 0/15 entries 3/15 dependencies 0/3 modules
<s> [webpack.Progress] 10% building import loader ./node_modules/style-loader/dist/cjs.js
<s> [webpack.Progress] 10% building import loader ./node_modules/css-loader/dist/cjs.js
<s> [webpack.Progress] 10% building import loader ./node_modules/postcss-loader/dist/cjs.js
<s> [webpack.Progress] 10% building 0/15 entries 11/15 dependencies 0/11 modules
<s> [webpack.Progress] 13% building 1/15 entries 47/109 dependencies 7/42 modules
<s> [webpack.Progress] 17% building 2/15 entries 134/220 dependencies 14/84 modules
<s> [webpack.Progress] 17% building import loader ./node_modules/ts-loader/index.js
<s> [webpack.Progress] 17% building import loader ./node_modules/@storybook/angular/dist/ts3.9/server/ngx-template-loader/index.js
<s> [webpack.Progress] 17% building import loader ./node_modules/@storybook/source-loader/dist/cjs/index.js
<s> [webpack.Progress] 17% building 2/15 entries 475/557 dependencies 18/206 modules
[BABEL] Note: The code generator has deoptimised the styling of /home/thiago/Documentos/Frameworks Frontend/atividade_unidade01/VotingCardProject/voting-card/node_modules/prettier/standalone.js as it exceeds the max of 500KB.
<s> [webpack.Progress] 17% building 2/15 entries 682/900 dependencies 25/262 modules
<s> [webpack.Progress] 17% building 2/15 entries 1500/1517 dependencies 196/414 modules
<s> [webpack.Progress] 17% building 2/15 entries 1916/2100 dependencies 274/477 modules
<s> [webpack.Progress] 17% building 2/15 entries 2276/2400 dependencies 302/564 modules
<s> [webpack.Progress] 17% building 2/15 entries 3100/3158 dependencies 443/849 modules
<s> [webpack.Progress] 17% building 2/15 entries 3730/3900 dependencies 590/974 modules
<s> [webpack.Progress] 20% building 2/15 entries 4522/4600 dependencies 977/1161 modules
<s> [webpack.Progress] 22% building 3/15 entries 4900/4958 dependencies 1107/1243 modules
<s> [webpack.Progress] 24% building 4/15 entries 4900/4958 dependencies 1108/1243 modules
<s> [webpack.Progress] 28% building 5/15 entries 4900/4958 dependencies 1109/1243 modules
<s> [webpack.Progress] 32% building 6/15 entries 4900/4958 dependencies 1110/1243 modules
<s> [webpack.Progress] 35% building 7/15 entries 4900/4958 dependencies 1111/1243 modules
<s> [webpack.Progress] 39% building 8/15 entries 4900/4958 dependencies 1112/1243 modules
<s> [webpack.Progress] 43% building 9/15 entries 4900/4958 dependencies 1113/1243 modules
<s> [webpack.Progress] 46% building 10/15 entries 4900/4958 dependencies 1114/1243 modules
<s> [webpack.Progress] 50% building 11/15 entries 4900/4958 dependencies 1115/1243 modules
<s> [webpack.Progress] 54% building 12/15 entries 5456/5468 dependencies 1358/1389 modules
<s> [webpack.Progress] 57% building 13/15 entries 5476/5476 dependencies 1385/1400 modules
<s> [webpack.Progress] 61% building 14/15 entries 5476/5476 dependencies 1399/1400 modules
<s> [webpack.Progress] 65% building 15/15 entries 5476/5476 dependencies 1400/1400 modules
<s> [webpack.Progress] 65% building
<s> [webpack.Progress] 69% building finish
<s> [webpack.Progress] 69% building finish
<s> [webpack.Progress] 70% sealing finish module graph
<s> [webpack.Progress] 70% sealing finish module graph ResolverCachePlugin
<s> [webpack.Progress] 70% sealing finish module graph InferAsyncModulesPlugin
<s> [webpack.Progress] 70% sealing finish module graph FlagDependencyExportsPlugin
<s> [webpack.Progress] 70% sealing finish module graph InnerGraphPlugin
<s> [webpack.Progress] 70% sealing finish module graph WasmFinalizeExportsPlugin
<s> [webpack.Progress] 70% sealing finish module graph
<s> [webpack.Progress] 70% sealing plugins
<s> [webpack.Progress] 70% sealing plugins WarnCaseSensitiveModulesPlugin
<s> [webpack.Progress] 70% sealing plugins
<s> [webpack.Progress] 71% sealing dependencies optimization
<s> [webpack.Progress] 71% sealing dependencies optimization SideEffectsFlagPlugin
<s> [webpack.Progress] 71% sealing dependencies optimization FlagDependencyUsagePlugin
<s> [webpack.Progress] 71% sealing dependencies optimization
<s> [webpack.Progress] 71% sealing after dependencies optimization
<s> [webpack.Progress] 71% sealing after dependencies optimization
<s> [webpack.Progress] 72% sealing chunk graph
<s> [webpack.Progress] 72% sealing chunk graph
<s> [webpack.Progress] 73% sealing after chunk graph
<s> [webpack.Progress] 73% sealing after chunk graph
<s> [webpack.Progress] 73% sealing optimizing
<s> [webpack.Progress] 73% sealing optimizing
<s> [webpack.Progress] 74% sealing module optimization
<s> [webpack.Progress] 74% sealing module optimization
<s> [webpack.Progress] 75% sealing after module optimization
<s> [webpack.Progress] 75% sealing after module optimization
<s> [webpack.Progress] 75% sealing chunk optimization
<s> [webpack.Progress] 75% sealing chunk optimization EnsureChunkConditionsPlugin
<s> [webpack.Progress] 75% sealing chunk optimization RemoveEmptyChunksPlugin
<s> [webpack.Progress] 75% sealing chunk optimization MergeDuplicateChunksPlugin
<s> [webpack.Progress] 75% sealing chunk optimization SplitChunksPlugin
<s> [webpack.Progress] 75% sealing chunk optimization RemoveEmptyChunksPlugin
<s> [webpack.Progress] 75% sealing chunk optimization
<s> [webpack.Progress] 76% sealing after chunk optimization
<s> [webpack.Progress] 76% sealing after chunk optimization
<s> [webpack.Progress] 77% sealing module and chunk tree optimization
<s> [webpack.Progress] 77% sealing module and chunk tree optimization PersistentChildCompilerSingletonPlugin
<s> [webpack.Progress] 77% sealing module and chunk tree optimization
<s> [webpack.Progress] 77% sealing after module and chunk tree optimization
<s> [webpack.Progress] 77% sealing after module and chunk tree optimization
<s> [webpack.Progress] 78% sealing chunk modules optimization
<s> [webpack.Progress] 78% sealing chunk modules optimization ModuleConcatenationPlugin
<s> [webpack.Progress] 78% sealing chunk modules optimization
<s> [webpack.Progress] 78% sealing after chunk modules optimization
<s> [webpack.Progress] 78% sealing after chunk modules optimization
<s> [webpack.Progress] 79% sealing module reviving
<s> [webpack.Progress] 79% sealing module reviving RecordIdsPlugin
<s> [webpack.Progress] 79% sealing module reviving
<s> [webpack.Progress] 80% sealing before module ids
<s> [webpack.Progress] 80% sealing before module ids
<s> [webpack.Progress] 80% sealing module ids
<s> [webpack.Progress] 80% sealing module ids DeterministicModuleIdsPlugin
<s> [webpack.Progress] 80% sealing module ids
<s> [webpack.Progress] 81% sealing module id optimization
<s> [webpack.Progress] 81% sealing module id optimization
<s> [webpack.Progress] 82% sealing module id optimization
<s> [webpack.Progress] 82% sealing module id optimization
<s> [webpack.Progress] 82% sealing chunk reviving
<s> [webpack.Progress] 82% sealing chunk reviving RecordIdsPlugin
<s> [webpack.Progress] 82% sealing chunk reviving
<s> [webpack.Progress] 83% sealing before chunk ids
<s> [webpack.Progress] 83% sealing before chunk ids
<s> [webpack.Progress] 84% sealing chunk ids
<s> [webpack.Progress] 84% sealing chunk ids DeterministicChunkIdsPlugin
<s> [webpack.Progress] 84% sealing chunk ids
<s> [webpack.Progress] 84% sealing chunk id optimization
<s> [webpack.Progress] 84% sealing chunk id optimization FlagIncludedChunksPlugin
<s> [webpack.Progress] 84% sealing chunk id optimization
<s> [webpack.Progress] 85% sealing after chunk id optimization
<s> [webpack.Progress] 85% sealing after chunk id optimization
<s> [webpack.Progress] 86% sealing record modules
<s> [webpack.Progress] 86% sealing record modules RecordIdsPlugin
<s> [webpack.Progress] 86% sealing record modules
<s> [webpack.Progress] 86% sealing record chunks
<s> [webpack.Progress] 86% sealing record chunks RecordIdsPlugin
<s> [webpack.Progress] 86% sealing record chunks
<s> [webpack.Progress] 87% sealing module hashing
<s> [webpack.Progress] 87% sealing module hashing
<s> [webpack.Progress] 87% sealing code generation
<s> [webpack.Progress] 87% sealing code generation
<s> [webpack.Progress] 88% sealing runtime requirements
<s> [webpack.Progress] 88% sealing runtime requirements
<s> [webpack.Progress] 89% sealing hashing
<s> [webpack.Progress] 89% sealing hashing
<s> [webpack.Progress] 89% sealing after hashing
<s> [webpack.Progress] 89% sealing after hashing
<s> [webpack.Progress] 90% sealing record hash
<s> [webpack.Progress] 90% sealing record hash
<s> [webpack.Progress] 91% sealing module assets processing
<s> [webpack.Progress] 91% sealing module assets processing
<s> [webpack.Progress] 91% sealing chunk assets processing
<s> [webpack.Progress] 91% sealing chunk assets processing
<s> [webpack.Progress] 92% sealing asset processing
<s> [webpack.Progress] 92% sealing asset processing copy-webpack-plugin
<s> [webpack.Progress] 92% sealing asset processing PersistentChildCompilerSingletonPlugin
<s> [webpack.Progress] 92% sealing asset processing TerserPlugin
<s> [webpack.Progress] 92% sealing asset processing SourceMapDevToolPlugin
<s> [webpack.Progress] 92% sealing asset processing SourceMapDevToolPlugin
<s> [webpack.Progress] 92% sealing asset processing SourceMapDevToolPlugin main.63745794.iframe.bundle.js generate SourceMap
<s> [webpack.Progress] 92% sealing asset processing SourceMapDevToolPlugin main.63745794.iframe.bundle.js generated SourceMap
<s> [webpack.Progress] 92% sealing asset processing SourceMapDevToolPlugin runtime~main.5ca8252a.iframe.bundle.js generate SourceMap
<s> [webpack.Progress] 92% sealing asset processing SourceMapDevToolPlugin runtime~main.5ca8252a.iframe.bundle.js generated SourceMap
<s> [webpack.Progress] 92% sealing asset processing SourceMapDevToolPlugin 90.9eb9c5d4.iframe.bundle.js generate SourceMap
<s> [webpack.Progress] 92% sealing asset processing SourceMapDevToolPlugin 90.9eb9c5d4.iframe.bundle.js generated SourceMap
<s> [webpack.Progress] 92% sealing asset processing SourceMapDevToolPlugin 913.aeaee46f.iframe.bundle.js generate SourceMap
<s> [webpack.Progress] 92% sealing asset processing SourceMapDevToolPlugin 913.aeaee46f.iframe.bundle.js generated SourceMap
<s> [webpack.Progress] 92% sealing asset processing SourceMapDevToolPlugin 881.93d72c6c.iframe.bundle.js generate SourceMap
<s> [webpack.Progress] 92% sealing asset processing SourceMapDevToolPlugin 881.93d72c6c.iframe.bundle.js generated SourceMap
<s> [webpack.Progress] 92% sealing asset processing SourceMapDevToolPlugin 459.60e4c642.iframe.bundle.js generate SourceMap
<s> [webpack.Progress] 92% sealing asset processing SourceMapDevToolPlugin 459.60e4c642.iframe.bundle.js generated SourceMap
<s> [webpack.Progress] 92% sealing asset processing SourceMapDevToolPlugin 331.45c69d83.iframe.bundle.js generate SourceMap
<s> [webpack.Progress] 92% sealing asset processing SourceMapDevToolPlugin 331.45c69d83.iframe.bundle.js generated SourceMap
<s> [webpack.Progress] 92% sealing asset processing SourceMapDevToolPlugin 813.6861de1d.iframe.bundle.js generate SourceMap
<s> [webpack.Progress] 92% sealing asset processing SourceMapDevToolPlugin 813.6861de1d.iframe.bundle.js generated SourceMap
<s> [webpack.Progress] 92% sealing asset processing SourceMapDevToolPlugin resolve sources
<s> [webpack.Progress] 92% sealing asset processing SourceMapDevToolPlugin main.63745794.iframe.bundle.js attach SourceMap
<s> [webpack.Progress] 92% sealing asset processing SourceMapDevToolPlugin main.63745794.iframe.bundle.js attached SourceMap
<s> [webpack.Progress] 92% sealing asset processing SourceMapDevToolPlugin runtime~main.5ca8252a.iframe.bundle.js attach SourceMap
<s> [webpack.Progress] 92% sealing asset processing SourceMapDevToolPlugin runtime~main.5ca8252a.iframe.bundle.js attached SourceMap
<s> [webpack.Progress] 92% sealing asset processing SourceMapDevToolPlugin 90.9eb9c5d4.iframe.bundle.js attach SourceMap
<s> [webpack.Progress] 92% sealing asset processing SourceMapDevToolPlugin 90.9eb9c5d4.iframe.bundle.js attached SourceMap
<s> [webpack.Progress] 92% sealing asset processing SourceMapDevToolPlugin 913.aeaee46f.iframe.bundle.js attach SourceMap
<s> [webpack.Progress] 92% sealing asset processing SourceMapDevToolPlugin 913.aeaee46f.iframe.bundle.js attached SourceMap
<s> [webpack.Progress] 92% sealing asset processing SourceMapDevToolPlugin 881.93d72c6c.iframe.bundle.js attach SourceMap
<s> [webpack.Progress] 92% sealing asset processing SourceMapDevToolPlugin 881.93d72c6c.iframe.bundle.js attached SourceMap
<s> [webpack.Progress] 92% sealing asset processing SourceMapDevToolPlugin 459.60e4c642.iframe.bundle.js attach SourceMap
<s> [webpack.Progress] 92% sealing asset processing SourceMapDevToolPlugin 459.60e4c642.iframe.bundle.js attached SourceMap
<s> [webpack.Progress] 92% sealing asset processing SourceMapDevToolPlugin 331.45c69d83.iframe.bundle.js attach SourceMap
<s> [webpack.Progress] 92% sealing asset processing SourceMapDevToolPlugin 331.45c69d83.iframe.bundle.js attached SourceMap
<s> [webpack.Progress] 92% sealing asset processing SourceMapDevToolPlugin 813.6861de1d.iframe.bundle.js attach SourceMap
<s> [webpack.Progress] 92% sealing asset processing SourceMapDevToolPlugin 813.6861de1d.iframe.bundle.js attached SourceMap
<s> [webpack.Progress] 92% sealing asset processing SourceMapDevToolPlugin
<s> [webpack.Progress] 92% sealing asset processing SourceMapDevToolPlugin
<s> [webpack.Progress] 92% sealing asset processing SourceMapDevToolPlugin resolve sources
<s> [webpack.Progress] 92% sealing asset processing SourceMapDevToolPlugin
<s> [webpack.Progress] 92% sealing asset processing HtmlWebpackPlugin
<s> [webpack.Progress] 92% sealing asset processing HtmlWebpackPlugin
<s> [webpack.Progress] 92% sealing asset processing HtmlWebpackPlugin resolve sources
<s> [webpack.Progress] 92% sealing asset processing HtmlWebpackPlugin
<s> [webpack.Progress] 92% sealing asset processing RealContentHashPlugin
<s> [webpack.Progress] 92% sealing asset processing RealContentHashPlugin
<s> [webpack.Progress] 92% sealing asset processing RealContentHashPlugin resolve sources
<s> [webpack.Progress] 92% sealing asset processing RealContentHashPlugin
<s> [webpack.Progress] 92% sealing asset processing AnyComponentStyleBudgetChecker
<s> [webpack.Progress] 92% sealing asset processing
<s> [webpack.Progress] 93% sealing after asset optimization
<s> [webpack.Progress] 93% sealing after asset optimization
<s> [webpack.Progress] 93% sealing recording
<s> [webpack.Progress] 93% sealing recording
<s> [webpack.Progress] 94% sealing after seal
<s> [webpack.Progress] 94% sealing after seal
<s> [webpack.Progress] 95% emitting emit
<s> [webpack.Progress] 95% emitting emit fork-ts-checker-webpack-plugin
<s> [webpack.Progress] 95% emitting emit
<s> [webpack.Progress] 98% emitting after emit
<s> [webpack.Progress] 98% emitting after emit SizeLimitsPlugin
<s> [webpack.Progress] 98% emitting after emit
<s> [webpack.Progress] 99% done plugins
<s> [webpack.Progress] 99% done plugins CaseSensitivePathsPlugin
<s> [webpack.Progress] 99% done plugins fork-ts-checker-webpack-plugin
<s> [webpack.Progress] 99% done plugins fork-ts-checker-webpack-plugin
<s> [webpack.Progress] 99% done plugins
<s> [webpack.Progress] 99% 

<s> [webpack.Progress] 99% cache store build dependencies
<s> [webpack.Progress] 99% cache store build dependencies
<s> [webpack.Progress] 99% cache begin idle
<s> [webpack.Progress] 99% cache begin idle
<s> [webpack.Progress] 100% 

info => Preview built (48 s)
WARN System.import() is deprecated and will be removed soon. Use import() instead.
WARN For more info visit https://webpack.js.org/guides/code-splitting/
WARN System.import() is deprecated and will be removed soon. Use import() instead.
WARN For more info visit https://webpack.js.org/guides/code-splitting/
WARN asset size limit: The following asset(s) exceed the recommended size limit (244 KiB).
WARN This can impact web performance.
WARN Assets: 
WARN   813.2c46cdff.iframe.bundle.js (3.85 MiB)
WARN entrypoint size limit: The following entrypoint(s) combined asset size exceeds the recommended limit (244 KiB). This can impact web performance.
WARN Entrypoints:
WARN   main (3.89 MiB)
WARN       runtime~main.f0565afb.iframe.bundle.js
WARN       813.2c46cdff.iframe.bundle.js
WARN       main.3527be74.iframe.bundle.js
WARN 
info => Output directory: /tmp/chromatic--20110-UEvN4lYcGPY2
